Feb 09, 2021 2:45:10 PM de.gurkenlabs.litiengine.DefaultUncaughtExceptionHandler uncaughtException
SEVERE: Game crashed! :(
java.lang.NullPointerException
	at java.base/java.util.zip.InflaterInputStream.<init>(InflaterInputStream.java:83)
	at java.base/java.util.zip.GZIPInputStream.<init>(GZIPInputStream.java:77)
	at java.base/java.util.zip.GZIPInputStream.<init>(GZIPInputStream.java:91)
	at de.gurkenlabs.litiengine.resources.ResourceBundle.getResourceBundle(ResourceBundle.java:230)
	at de.gurkenlabs.litiengine.resources.ResourceBundle.load(ResourceBundle.java:88)
	at de.gurkenlabs.litiengine.resources.Resources.load(Resources.java:173)
	at de.gurkenlabs.litiengine.resources.Resources.load(Resources.java:160)
	at main.Main.main(Main.java:24)

Feb 09, 2021 2:45:45 PM de.gurkenlabs.litiengine.environment.tilemap.xml.TmxMap checkVersion
WARNING: Tiled version 1.4.3 of map "desertMap" is greater than the supported version 1.2.x. Some features may not work.
Feb 09, 2021 3:07:17 PM de.gurkenlabs.litiengine.environment.tilemap.xml.TmxMap checkVersion
WARNING: Tiled version 1.4.3 of map "desertMap" is greater than the supported version 1.2.x. Some features may not work.
Feb 09, 2021 3:16:22 PM de.gurkenlabs.litiengine.environment.tilemap.xml.TmxMap checkVersion
WARNING: Tiled version 1.4.3 of map "desertMap" is greater than the supported version 1.2.x. Some features may not work.
Feb 09, 2021 3:17:04 PM de.gurkenlabs.litiengine.environment.tilemap.xml.TmxMap checkVersion
WARNING: Tiled version 1.4.3 of map "desertMap" is greater than the supported version 1.2.x. Some features may not work.
Feb 09, 2021 3:18:02 PM de.gurkenlabs.litiengine.environment.tilemap.xml.TmxMap checkVersion
WARNING: Tiled version 1.4.3 of map "desertMap" is greater than the supported version 1.2.x. Some features may not work.
Feb 09, 2021 3:27:23 PM de.gurkenlabs.litiengine.environment.tilemap.xml.TmxMap checkVersion
WARNING: Tiled version 1.4.3 of map "desertMap" is greater than the supported version 1.2.x. Some features may not work.
Feb 09, 2021 3:28:34 PM de.gurkenlabs.litiengine.environment.tilemap.xml.TmxMap checkVersion
WARNING: Tiled version 1.4.3 of map "desertMap" is greater than the supported version 1.2.x. Some features may not work.
Feb 09, 2021 3:37:44 PM de.gurkenlabs.litiengine.environment.tilemap.xml.TmxMap checkVersion
WARNING: Tiled version 1.4.3 of map "desertMap" is greater than the supported version 1.2.x. Some features may not work.
Feb 09, 2021 3:38:24 PM de.gurkenlabs.litiengine.environment.tilemap.xml.TmxMap checkVersion
WARNING: Tiled version 1.4.3 of map "desertMap" is greater than the supported version 1.2.x. Some features may not work.
Feb 09, 2021 3:39:05 PM de.gurkenlabs.litiengine.environment.tilemap.xml.TmxMap checkVersion
WARNING: Tiled version 1.4.3 of map "desertMap" is greater than the supported version 1.2.x. Some features may not work.
Feb 09, 2021 3:39:52 PM de.gurkenlabs.litiengine.environment.tilemap.xml.TmxMap checkVersion
WARNING: Tiled version 1.4.3 of map "desertMap" is greater than the supported version 1.2.x. Some features may not work.
Feb 09, 2021 3:43:54 PM de.gurkenlabs.litiengine.environment.tilemap.xml.TmxMap checkVersion
WARNING: Tiled version 1.4.3 of map "desertMap" is greater than the supported version 1.2.x. Some features may not work.
Feb 09, 2021 3:45:28 PM de.gurkenlabs.litiengine.environment.tilemap.xml.TmxMap checkVersion
WARNING: Tiled version 1.4.3 of map "desertMap" is greater than the supported version 1.2.x. Some features may not work.
Feb 09, 2021 3:49:05 PM de.gurkenlabs.litiengine.environment.tilemap.xml.TmxMap checkVersion
WARNING: Tiled version 1.4.3 of map "desertMap" is greater than the supported version 1.2.x. Some features may not work.
Feb 09, 2021 3:50:08 PM de.gurkenlabs.litiengine.environment.tilemap.xml.TmxMap checkVersion
WARNING: Tiled version 1.4.3 of map "desertMap" is greater than the supported version 1.2.x. Some features may not work.
Feb 09, 2021 3:52:08 PM de.gurkenlabs.litiengine.environment.tilemap.xml.TmxMap checkVersion
WARNING: Tiled version 1.4.3 of map "desertMap" is greater than the supported version 1.2.x. Some features may not work.
Feb 09, 2021 3:52:48 PM de.gurkenlabs.litiengine.environment.tilemap.xml.TmxMap checkVersion
WARNING: Tiled version 1.4.3 of map "desertMap" is greater than the supported version 1.2.x. Some features may not work.
Feb 09, 2021 3:54:20 PM de.gurkenlabs.litiengine.environment.tilemap.xml.TmxMap checkVersion
WARNING: Tiled version 1.4.3 of map "desertMap" is greater than the supported version 1.2.x. Some features may not work.
Feb 09, 2021 3:54:36 PM de.gurkenlabs.litiengine.environment.tilemap.xml.TmxMap checkVersion
WARNING: Tiled version 1.4.3 of map "desertMap" is greater than the supported version 1.2.x. Some features may not work.
Feb 09, 2021 3:55:29 PM de.gurkenlabs.litiengine.environment.tilemap.xml.TmxMap checkVersion
WARNING: Tiled version 1.4.3 of map "desertMap" is greater than the supported version 1.2.x. Some features may not work.
Feb 09, 2021 3:57:04 PM de.gurkenlabs.litiengine.environment.tilemap.xml.TmxMap checkVersion
WARNING: Tiled version 1.4.3 of map "desertMap" is greater than the supported version 1.2.x. Some features may not work.
Feb 09, 2021 3:57:42 PM de.gurkenlabs.litiengine.environment.tilemap.xml.TmxMap checkVersion
WARNING: Tiled version 1.4.3 of map "desertMap" is greater than the supported version 1.2.x. Some features may not work.
Feb 09, 2021 3:57:59 PM de.gurkenlabs.litiengine.environment.tilemap.xml.TmxMap checkVersion
WARNING: Tiled version 1.4.3 of map "desertMap" is greater than the supported version 1.2.x. Some features may not work.
Feb 09, 2021 3:58:51 PM de.gurkenlabs.litiengine.environment.tilemap.xml.TmxMap checkVersion
WARNING: Tiled version 1.4.3 of map "desertMap" is greater than the supported version 1.2.x. Some features may not work.
Feb 09, 2021 3:59:30 PM de.gurkenlabs.litiengine.environment.tilemap.xml.TmxMap checkVersion
WARNING: Tiled version 1.4.3 of map "desertMap" is greater than the supported version 1.2.x. Some features may not work.
Feb 09, 2021 4:14:11 PM de.gurkenlabs.litiengine.environment.tilemap.xml.TmxMap checkVersion
WARNING: Tiled version 1.4.3 of map "desertMap" is greater than the supported version 1.2.x. Some features may not work.
Feb 09, 2021 4:15:01 PM de.gurkenlabs.litiengine.environment.tilemap.xml.TmxMap checkVersion
WARNING: Tiled version 1.4.3 of map "desertMap" is greater than the supported version 1.2.x. Some features may not work.
Feb 09, 2021 4:15:02 PM de.gurkenlabs.litiengine.DefaultUncaughtExceptionHandler uncaughtException
SEVERE: Game crashed! :(
java.lang.NullPointerException: Cannot invoke "de.gurkenlabs.litiengine.graphics.ICamera.getViewport()" because the return value of "de.gurkenlabs.litiengine.environment.GameWorld.camera()" is null
	at de.gurkenlabs.litiengine.environment.Environment.render(Environment.java:2069)
	at de.gurkenlabs.litiengine.environment.Environment.render(Environment.java:1914)
	at de.gurkenlabs.litiengine.gui.screens.GameScreen.render(GameScreen.java:25)
	at de.gurkenlabs.litiengine.graphics.RenderComponent.render(RenderComponent.java:123)
	at de.gurkenlabs.litiengine.GameLoop.process(GameLoop.java:87)
	at de.gurkenlabs.litiengine.UpdateLoop.run(UpdateLoop.java:57)

Feb 09, 2021 4:15:59 PM de.gurkenlabs.litiengine.environment.tilemap.xml.TmxMap checkVersion
WARNING: Tiled version 1.4.3 of map "desertMap" is greater than the supported version 1.2.x. Some features may not work.
Feb 09, 2021 9:27:01 PM de.gurkenlabs.litiengine.environment.tilemap.xml.TmxMap checkVersion
WARNING: Tiled version 1.4.3 of map "desertMap" is greater than the supported version 1.2.x. Some features may not work.
Feb 09, 2021 9:30:11 PM de.gurkenlabs.litiengine.environment.tilemap.xml.TmxMap checkVersion
WARNING: Tiled version 1.4.3 of map "desertMap" is greater than the supported version 1.2.x. Some features may not work.
Feb 09, 2021 9:30:13 PM de.gurkenlabs.litiengine.DefaultUncaughtExceptionHandler uncaughtException
SEVERE: Game crashed! :(
java.lang.NullPointerException: Cannot invoke "de.gurkenlabs.litiengine.graphics.ICamera.getViewport()" because the return value of "de.gurkenlabs.litiengine.environment.GameWorld.camera()" is null
	at de.gurkenlabs.litiengine.environment.Environment.render(Environment.java:2069)
	at de.gurkenlabs.litiengine.environment.Environment.render(Environment.java:1932)
	at de.gurkenlabs.litiengine.gui.screens.GameScreen.render(GameScreen.java:25)
	at de.gurkenlabs.litiengine.graphics.RenderComponent.render(RenderComponent.java:123)
	at de.gurkenlabs.litiengine.GameLoop.process(GameLoop.java:87)
	at de.gurkenlabs.litiengine.UpdateLoop.run(UpdateLoop.java:57)

Feb 09, 2021 9:30:35 PM de.gurkenlabs.litiengine.environment.tilemap.xml.TmxMap checkVersion
WARNING: Tiled version 1.4.3 of map "desertMap" is greater than the supported version 1.2.x. Some features may not work.
Feb 09, 2021 9:33:07 PM de.gurkenlabs.litiengine.environment.tilemap.xml.TmxMap checkVersion
WARNING: Tiled version 1.4.3 of map "desertMap" is greater than the supported version 1.2.x. Some features may not work.
Feb 09, 2021 9:33:35 PM de.gurkenlabs.litiengine.environment.tilemap.xml.TmxMap checkVersion
WARNING: Tiled version 1.4.3 of map "desertMap" is greater than the supported version 1.2.x. Some features may not work.
Feb 09, 2021 9:34:06 PM de.gurkenlabs.litiengine.environment.tilemap.xml.TmxMap checkVersion
WARNING: Tiled version 1.4.3 of map "desertMap" is greater than the supported version 1.2.x. Some features may not work.
Feb 10, 2021 11:37:19 AM de.gurkenlabs.litiengine.environment.tilemap.xml.TmxMap checkVersion
WARNING: Tiled version 1.4.3 of map "desertMap" is greater than the supported version 1.2.x. Some features may not work.
Feb 10, 2021 11:38:03 AM de.gurkenlabs.litiengine.environment.tilemap.xml.TmxMap checkVersion
WARNING: Tiled version 1.4.3 of map "desertMap" is greater than the supported version 1.2.x. Some features may not work.
Feb 10, 2021 11:58:26 AM de.gurkenlabs.litiengine.environment.tilemap.xml.TmxMap checkVersion
WARNING: Tiled version 1.4.3 of map "desertMap" is greater than the supported version 1.2.x. Some features may not work.
